[0.008s] Invoking command in '/home/jenny/ros2_ws/src/build/cpp_pubsub': CMAKE_PREFIX_PATH=${CMAKE_PREFIX_PATH}:/opt/ros/humble /usr/bin/cmake --build /home/jenny/ros2_ws/src/build/cpp_pubsub -- -j22 -l22
[0.039s] [35m[1mConsolidate compiler generated dependencies of target listener[0m
[0.039s] [35m[1mConsolidate compiler generated dependencies of target talker[0m
[0.050s] [ 50%] Built target talker
[0.051s] [100%] Built target listener
[0.058s] Invoked command in '/home/jenny/ros2_ws/src/build/cpp_pubsub' returned '0': CMAKE_PREFIX_PATH=${CMAKE_PREFIX_PATH}:/opt/ros/humble /usr/bin/cmake --build /home/jenny/ros2_ws/src/build/cpp_pubsub -- -j22 -l22
[0.064s] Invoking command in '/home/jenny/ros2_ws/src/build/cpp_pubsub': CMAKE_PREFIX_PATH=${CMAKE_PREFIX_PATH}:/opt/ros/humble /usr/bin/cmake --install /home/jenny/ros2_ws/src/build/cpp_pubsub
[0.068s] -- Install configuration: ""
[0.068s] -- Up-to-date: /home/jenny/ros2_ws/src/install/cpp_pubsub/lib/cpp_pubsub/talker
[0.069s] -- Up-to-date: /home/jenny/ros2_ws/src/install/cpp_pubsub/share/ament_index/resource_index/package_run_dependencies/cpp_pubsub
[0.069s] -- Up-to-date: /home/jenny/ros2_ws/src/install/cpp_pubsub/share/ament_index/resource_index/parent_prefix_path/cpp_pubsub
[0.069s] -- Up-to-date: /home/jenny/ros2_ws/src/install/cpp_pubsub/share/cpp_pubsub/environment/ament_prefix_path.sh
[0.069s] -- Up-to-date: /home/jenny/ros2_ws/src/install/cpp_pubsub/share/cpp_pubsub/environment/ament_prefix_path.dsv
[0.069s] -- Up-to-date: /home/jenny/ros2_ws/src/install/cpp_pubsub/share/cpp_pubsub/environment/path.sh
[0.069s] -- Up-to-date: /home/jenny/ros2_ws/src/install/cpp_pubsub/share/cpp_pubsub/environment/path.dsv
[0.069s] -- Up-to-date: /home/jenny/ros2_ws/src/install/cpp_pubsub/share/cpp_pubsub/local_setup.bash
[0.069s] -- Up-to-date: /home/jenny/ros2_ws/src/install/cpp_pubsub/share/cpp_pubsub/local_setup.sh
[0.069s] -- Up-to-date: /home/jenny/ros2_ws/src/install/cpp_pubsub/share/cpp_pubsub/local_setup.zsh
[0.069s] -- Up-to-date: /home/jenny/ros2_ws/src/install/cpp_pubsub/share/cpp_pubsub/local_setup.dsv
[0.069s] -- Installing: /home/jenny/ros2_ws/src/install/cpp_pubsub/share/cpp_pubsub/package.dsv
[0.069s] -- Up-to-date: /home/jenny/ros2_ws/src/install/cpp_pubsub/share/ament_index/resource_index/packages/cpp_pubsub
[0.070s] -- Up-to-date: /home/jenny/ros2_ws/src/install/cpp_pubsub/share/cpp_pubsub/cmake/cpp_pubsubConfig.cmake
[0.070s] -- Up-to-date: /home/jenny/ros2_ws/src/install/cpp_pubsub/share/cpp_pubsub/cmake/cpp_pubsubConfig-version.cmake
[0.070s] -- Up-to-date: /home/jenny/ros2_ws/src/install/cpp_pubsub/share/cpp_pubsub/package.xml
[0.070s] Invoked command in '/home/jenny/ros2_ws/src/build/cpp_pubsub' returned '0': CMAKE_PREFIX_PATH=${CMAKE_PREFIX_PATH}:/opt/ros/humble /usr/bin/cmake --install /home/jenny/ros2_ws/src/build/cpp_pubsub
