[0.009s] Invoking command in '/home/jenny/ros2_ws/src/build/cpp_pubsub': CMAKE_PREFIX_PATH=/opt/ros/humble /usr/bin/cmake /home/jenny/ros2_ws/src/cpp_pubsub -DCMAKE_INSTALL_PREFIX=/home/jenny/ros2_ws/src/install/cpp_pubsub
[0.275s] -- The C compiler identification is GNU 11.4.0
[0.841s] -- The CXX compiler identification is GNU 11.4.0
[1.234s] -- Detecting C compiler ABI info
[1.375s] -- Detecting C compiler ABI info - done
[1.379s] -- Check for working C compiler: /usr/bin/cc - skipped
[1.380s] -- Detecting C compile features
[1.380s] -- Detecting C compile features - done
[1.383s] -- Detecting CXX compiler ABI info
[1.532s] -- Detecting CXX compiler ABI info - done
[1.538s] -- Check for working CXX compiler: /usr/bin/c++ - skipped
[1.538s] -- Detecting CXX compile features
[1.538s] -- Detecting CXX compile features - done
[1.547s] -- Found ament_cmake: 1.3.14 (/opt/ros/humble/share/ament_cmake/cmake)
[1.656s] -- Found Python3: /usr/bin/python3 (found version "3.10.12") found components: Interpreter 
[1.730s] -- Found rclcpp: 16.0.19 (/opt/ros/humble/share/rclcpp/cmake)
[1.901s] -- Found rosidl_generator_c: 3.1.8 (/opt/ros/humble/share/rosidl_generator_c/cmake)
[1.906s] -- Found rosidl_adapter: 3.1.8 (/opt/ros/humble/share/rosidl_adapter/cmake)
[1.914s] -- Found rosidl_generator_cpp: 3.1.8 (/opt/ros/humble/share/rosidl_generator_cpp/cmake)
[1.929s] -- Using all available rosidl_typesupport_c: rosidl_typesupport_fastrtps_c;rosidl_typesupport_introspection_c
[1.945s] -- Using all available rosidl_typesupport_cpp: rosidl_typesupport_fastrtps_cpp;rosidl_typesupport_introspection_cpp
[1.995s] -- Found rmw_implementation_cmake: 6.1.2 (/opt/ros/humble/share/rmw_implementation_cmake/cmake)
[1.998s] -- Found rmw_fastrtps_cpp: 6.2.10 (/opt/ros/humble/share/rmw_fastrtps_cpp/cmake)
[3.444s] -- Found OpenSSL: /usr/lib/x86_64-linux-gnu/libcrypto.so (found version "3.0.2")  
[4.954s] -- Found FastRTPS: /opt/ros/humble/include  
[7.690s] -- Using RMW implementation 'rmw_fastrtps_cpp' as default
[7.700s] -- Looking for pthread.h
[7.842s] -- Looking for pthread.h - found
[7.842s] -- Performing Test CMAKE_HAVE_LIBC_PTHREAD
[7.975s] -- Performing Test CMAKE_HAVE_LIBC_PTHREAD - Success
[7.976s] -- Found Threads: TRUE  
[8.024s] -- Found ament_lint_auto: 0.12.15 (/opt/ros/humble/share/ament_lint_auto/cmake)
[8.092s] -- Added test 'cppcheck' to perform static code analysis on C / C++ code
[8.093s] -- Configured cppcheck include dirs: 
[8.093s] -- Configured cppcheck exclude dirs and/or files: 
[8.093s] -- Added test 'lint_cmake' to check CMake code style
[8.094s] -- Added test 'uncrustify' to check C / C++ code style
[8.095s] -- Configured uncrustify additional arguments: 
[8.095s] -- Added test 'xmllint' to check XML markup files
[8.096s] -- Configuring done
[8.104s] -- Generating done
[8.107s] -- Build files have been written to: /home/jenny/ros2_ws/src/build/cpp_pubsub
[8.113s] Invoked command in '/home/jenny/ros2_ws/src/build/cpp_pubsub' returned '0': CMAKE_PREFIX_PATH=/opt/ros/humble /usr/bin/cmake /home/jenny/ros2_ws/src/cpp_pubsub -DCMAKE_INSTALL_PREFIX=/home/jenny/ros2_ws/src/install/cpp_pubsub
[8.115s] Invoking command in '/home/jenny/ros2_ws/src/build/cpp_pubsub': CMAKE_PREFIX_PATH=/opt/ros/humble /usr/bin/cmake --build /home/jenny/ros2_ws/src/build/cpp_pubsub -- -j22 -l22
[8.153s] [ 25%] [32mBuilding CXX object CMakeFiles/talker.dir/src/publisher_member_function.cpp.o[0m
[8.163s] [ 50%] [32mBuilding CXX object CMakeFiles/listener.dir/src/subscriber_member_function.cpp.o[0m
[11.850s] [ 75%] [32m[1mLinking CXX executable talker[0m
[12.099s] [ 75%] Built target talker
[14.809s] [100%] [32m[1mLinking CXX executable listener[0m
[15.142s] [100%] Built target listener
[15.153s] Invoked command in '/home/jenny/ros2_ws/src/build/cpp_pubsub' returned '0': CMAKE_PREFIX_PATH=/opt/ros/humble /usr/bin/cmake --build /home/jenny/ros2_ws/src/build/cpp_pubsub -- -j22 -l22
[15.159s] Invoking command in '/home/jenny/ros2_ws/src/build/cpp_pubsub': CMAKE_PREFIX_PATH=/opt/ros/humble /usr/bin/cmake --install /home/jenny/ros2_ws/src/build/cpp_pubsub
[15.164s] -- Install configuration: ""
[15.165s] -- Installing: /home/jenny/ros2_ws/src/install/cpp_pubsub/lib/cpp_pubsub/talker
[15.166s] -- Set runtime path of "/home/jenny/ros2_ws/src/install/cpp_pubsub/lib/cpp_pubsub/talker" to ""
[15.167s] -- Installing: /home/jenny/ros2_ws/src/install/cpp_pubsub/share/ament_index/resource_index/package_run_dependencies/cpp_pubsub
[15.167s] -- Installing: /home/jenny/ros2_ws/src/install/cpp_pubsub/share/ament_index/resource_index/parent_prefix_path/cpp_pubsub
[15.167s] -- Installing: /home/jenny/ros2_ws/src/install/cpp_pubsub/share/cpp_pubsub/environment/ament_prefix_path.sh
[15.168s] -- Installing: /home/jenny/ros2_ws/src/install/cpp_pubsub/share/cpp_pubsub/environment/ament_prefix_path.dsv
[15.168s] -- Installing: /home/jenny/ros2_ws/src/install/cpp_pubsub/share/cpp_pubsub/environment/path.sh
[15.168s] -- Installing: /home/jenny/ros2_ws/src/install/cpp_pubsub/share/cpp_pubsub/environment/path.dsv
[15.168s] -- Installing: /home/jenny/ros2_ws/src/install/cpp_pubsub/share/cpp_pubsub/local_setup.bash
[15.168s] -- Installing: /home/jenny/ros2_ws/src/install/cpp_pubsub/share/cpp_pubsub/local_setup.sh
[15.168s] -- Installing: /home/jenny/ros2_ws/src/install/cpp_pubsub/share/cpp_pubsub/local_setup.zsh
[15.168s] -- Installing: /home/jenny/ros2_ws/src/install/cpp_pubsub/share/cpp_pubsub/local_setup.dsv
[15.169s] -- Installing: /home/jenny/ros2_ws/src/install/cpp_pubsub/share/cpp_pubsub/package.dsv
[15.169s] -- Installing: /home/jenny/ros2_ws/src/install/cpp_pubsub/share/ament_index/resource_index/packages/cpp_pubsub
[15.169s] -- Installing: /home/jenny/ros2_ws/src/install/cpp_pubsub/share/cpp_pubsub/cmake/cpp_pubsubConfig.cmake
[15.169s] -- Installing: /home/jenny/ros2_ws/src/install/cpp_pubsub/share/cpp_pubsub/cmake/cpp_pubsubConfig-version.cmake
[15.170s] -- Installing: /home/jenny/ros2_ws/src/install/cpp_pubsub/share/cpp_pubsub/package.xml
[15.171s] Invoked command in '/home/jenny/ros2_ws/src/build/cpp_pubsub' returned '0': CMAKE_PREFIX_PATH=/opt/ros/humble /usr/bin/cmake --install /home/jenny/ros2_ws/src/build/cpp_pubsub
